<?xml version="1.0" encoding="UTF-8"?>
<!-- Generated by org.testng.reporters.JUnitReportReporter -->
<testsuite hostname="DESKTOP-9GJIMJQ" failures="0" tests="1" name="runners.LoginTest" time="18.115" errors="0" timestamp="2023-01-14T16:36:22 CET" skipped="0">
  <testcase classname="runners.LoginTest" name="runScenario" time="18.115"/>
  <system-out/>
</testsuite> <!-- runners.LoginTest -->
